c:\users\kalon\documents\github\ati_calculator_jsh\wpfcalculator2\wrapper\wrapper\x64\debug\wrapper.pch
c:\users\kalon\documents\github\ati_calculator_jsh\wpfcalculator2\wrapper\wrapper\x64\debug\vc143.pdb
c:\users\kalon\documents\github\ati_calculator_jsh\wpfcalculator2\wrapper\wrapper\x64\debug\pch.obj
c:\users\kalon\documents\github\ati_calculator_jsh\wpfcalculator2\wrapper\wrapper\x64\debug\wrapper.obj
c:\users\kalon\documents\github\ati_calculator_jsh\wpfcalculator2\wrapper\wrapper\x64\debug\assemblyinfo.obj
c:\users\kalon\documents\github\ati_calculator_jsh\wpfcalculator2\wrapper\wrapper\x64\debug\.netcoreapp,version=v5.0.assemblyattributes.obj
c:\users\kalon\documents\github\ati_calculator_jsh\wpfcalculator2\x64\debug\wrapper.dll
c:\users\kalon\documents\github\ati_calculator_jsh\wpfcalculator2\x64\debug\wrapper.pdb
c:\users\kalon\documents\github\ati_calculator_jsh\wpfcalculator2\wrapper\wrapper\x64\debug\app.res
c:\users\sanghoon\documents\github\ati_calculator_jsh\ati_calculator_jsh\wpfcalculator2 (1)\wpfcalculator2\wrapper\wrapper\x64\debug\wrapper.genruntimeconfig.cache
c:\users\sanghoon\documents\github\ati_calculator_jsh\ati_calculator_jsh\wpfcalculator2 (1)\wpfcalculator2\wrapper\wrapper\x64\debug\wrapper.vcxproj.assemblyreference.cache
c:\users\sanghoon\documents\github\ati_calculator_jsh\ati_calculator_jsh\wpfcalculator2 (1)\wpfcalculator2\wrapper\wrapper\x64\debug\.netcoreapp,version=v5.0.assemblyattributes.obj
c:\users\sanghoon\documents\github\ati_calculator_jsh\ati_calculator_jsh\wpfcalculator2 (1)\wpfcalculator2\wrapper\wrapper\x64\debug\assemblyinfo.obj
c:\users\sanghoon\documents\github\ati_calculator_jsh\ati_calculator_jsh\wpfcalculator2 (1)\wpfcalculator2\wrapper\wrapper\x64\debug\pch.obj
c:\users\sanghoon\documents\github\ati_calculator_jsh\ati_calculator_jsh\wpfcalculator2 (1)\wpfcalculator2\wrapper\wrapper\x64\debug\wrapper.obj
c:\users\sanghoon\documents\github\ati_calculator_jsh\ati_calculator_jsh\wpfcalculator2 (1)\wpfcalculator2\wrapper\wrapper\x64\debug\app.res
c:\users\sanghoon\documents\github\ati_calculator_jsh\ati_calculator_jsh\wpfcalculator2 (1)\wpfcalculator2\wrapper\wrapper\x64\debug\wrapper.pch
c:\users\sanghoon\documents\github\ati_calculator_jsh\ati_calculator_jsh\wpfcalculator2 (1)\wpfcalculator2\wrapper\wrapper\x64\debug\vc143.pdb
c:\users\sanghoon\documents\github\ati_calculator_jsh\ati_calculator_jsh\wpfcalculator2 (1)\wpfcalculator2\x64\debug\wrapper.pdb
c:\users\sanghoon\documents\github\ati_calculator_jsh\ati_calculator_jsh\wpfcalculator2 (1)\wpfcalculator2\x64\debug\wrapper.dll
c:\users\sanghoon\documents\github\ati_calculator_jsh\ati_calculator_jsh\wpfcalculator2 (1)\wpfcalculator2\wrapper\wrapper\x64\debug\wrapper.tlog\cl.command.1.tlog
c:\users\sanghoon\documents\github\ati_calculator_jsh\ati_calculator_jsh\wpfcalculator2 (1)\wpfcalculator2\wrapper\wrapper\x64\debug\wrapper.tlog\cl.items.tlog
c:\users\sanghoon\documents\github\ati_calculator_jsh\ati_calculator_jsh\wpfcalculator2 (1)\wpfcalculator2\wrapper\wrapper\x64\debug\wrapper.tlog\cl.read.1.tlog
c:\users\sanghoon\documents\github\ati_calculator_jsh\ati_calculator_jsh\wpfcalculator2 (1)\wpfcalculator2\wrapper\wrapper\x64\debug\wrapper.tlog\cl.write.1.tlog
c:\users\sanghoon\documents\github\ati_calculator_jsh\ati_calculator_jsh\wpfcalculator2 (1)\wpfcalculator2\wrapper\wrapper\x64\debug\wrapper.tlog\link.command.1.tlog
c:\users\sanghoon\documents\github\ati_calculator_jsh\ati_calculator_jsh\wpfcalculator2 (1)\wpfcalculator2\wrapper\wrapper\x64\debug\wrapper.tlog\link.read.1.tlog
c:\users\sanghoon\documents\github\ati_calculator_jsh\ati_calculator_jsh\wpfcalculator2 (1)\wpfcalculator2\wrapper\wrapper\x64\debug\wrapper.tlog\link.secondary.1.tlog
c:\users\sanghoon\documents\github\ati_calculator_jsh\ati_calculator_jsh\wpfcalculator2 (1)\wpfcalculator2\wrapper\wrapper\x64\debug\wrapper.tlog\link.write.1.tlog
c:\users\sanghoon\documents\github\ati_calculator_jsh\ati_calculator_jsh\wpfcalculator2 (1)\wpfcalculator2\wrapper\wrapper\x64\debug\wrapper.tlog\rc.command.1.tlog
c:\users\sanghoon\documents\github\ati_calculator_jsh\ati_calculator_jsh\wpfcalculator2 (1)\wpfcalculator2\wrapper\wrapper\x64\debug\wrapper.tlog\rc.read.1.tlog
c:\users\sanghoon\documents\github\ati_calculator_jsh\ati_calculator_jsh\wpfcalculator2 (1)\wpfcalculator2\wrapper\wrapper\x64\debug\wrapper.tlog\rc.write.1.tlog
